0.023713 50
0.000032 11
0.000782 194
0.002355 98
0.007143 8
0.000661 63
0.073324 33
0.000009 7
0.000006 3
0.000012 7
0.000012 7
0.000009 4
0.000493 102
1.838085 1
0.000594 28
0.000360 53
0.108865 68
0.148842 67
0.087432 66
0.333420 65
0.261643 64
0.000359 76
0.154852 64
0.000329 49
0.269353 4
0.000388 30
0.000141 43
0.228824 60
0.233786 58
0.579218 37
0.000658 69
0.458266 11
0.000036 2
0.000310 8
0.001457 19
0.000038 5
0.000033 2
0.000066 10
0.000027 4
0.000049 8
0.000029 3
0.000064 6
0.000044 5
0.000022 2
1.057337 66
0.983115 194
0.000296 8
0.112943 61
0.000020 102
1.137922 19
0.000241 135
0.632439 12
0.000074 1
0.000343 8
0.001448 24
0.000029 4
0.000036 2
0.000026 4
0.000054 8
0.000025 3
0.000043 6
0.000018 1
0.000056 7
0.000021 2
0.000026 3
1.182214 66
0.982876 194
0.000237 8
0.090427 55
0.000009 4
0.000006 2
0.000039 102
0.665577 19
0.000473 135
0.803483 2
0.000174 11
0.000166 8
0.001523 13
0.000045 8
0.000021 3
0.000020 3
0.000036 3
0.000023 3
0.000054 8
0.000027 5
0.000052 6
0.000033 5
0.000022 2
0.000029 5
1.195134 66
1.106557 194
0.000280 8
0.074314 163
0.972930 1
0.000343 28
0.000297 50
0.136972 65
0.167798 64
0.150504 63
0.163177 62
0.255080 61
0.000297 73
0.185858 61
0.000210 46
0.634409 4
0.000354 35
0.000168 54
0.173167 51
0.529549 31
0.000492 34
0.524208 10
0.000039 3
0.000667 8
0.002454 17
0.000036 3
0.000054 5
0.000127 17
0.000026 5
0.000044 1
0.000021 4
0.000055 5
0.000027 3
0.000046 4
0.051515 253
0.000014 44
0.000009 61
0.000009 32
0.000020 57
0.000007 56
0.000017 46
0.000008 12
0.000006 2
0.002586 194
0.000101 8
0.074650 24
0.000015 8
0.000009 3
0.000009 3
0.000007 3
0.000016 5
0.000007 3
0.000013 1
0.000008 2
0.000006 3
0.000006 2
0.000007 3
0.000006 1
0.000047 102
2.954248 15
0.000012 7
0.000013 2
0.000122 8
