0.056624 33
0.000057 11
0.000022 3
0.000026 2
0.000020 1
0.000051 9
0.000020 2
0.001391 194
0.005103 98
0.024079 8
0.001629 63
0.164385 53
0.000011 5
0.000007 3
0.000737 102
0.977216 1
0.000735 28
0.000191 53
0.133930 68
0.160542 67
0.050006 66
0.219550 65
0.209280 64
0.000242 76
0.302586 64
0.000340 49
0.509120 4
0.000356 37
0.000255 56
0.147600 53
0.842837 32
0.390056 8
0.000068 5
0.000335 8
0.001427 16
0.000033 3
0.000026 7
0.000026 3
0.000032 3
0.000025 4
0.000034 4
0.000030 2
0.000034 7
0.000030 1
0.000030 4
0.000029 5
0.000024 2
0.000024 3
0.094961 86
0.002467 194
0.000105 8
0.071888 54
0.000011 5
0.000016 2
0.000032 102
1.349825 1
0.000471 44
0.000154 61
0.141876 59
0.119744 58
0.086385 56
0.174156 59
0.175614 57
0.000281 69
0.126031 56
0.000273 41
0.597092 4
0.000301 30
0.000184 35
0.153094 51
0.164382 49
0.000496 33
0.641840 30
0.000444 48
0.158120 29
0.910424 13
0.000442 8
0.001538 21
0.000031 6
0.000031 3
0.000023 1
0.000014 5
0.000067 10
0.000021 4
0.000015 2
0.000072 7
0.000027 4
0.000020 1
0.107644 67
0.000034 33
0.000022 25
0.000016 2
0.005496 194
0.000292 8
0.172440 25
0.000070 3
0.000022 8
0.000045 8
0.000031 6
0.000045 4
0.000026 3
0.000018 2
0.000019 2
0.000100 102
2.461354 13
0.000167 11
0.000250 8
